# JRE version: OpenJDK Runtime Environment (11.0.8+10) (build 11.0.8+10-b944.6842174)
# Java VM: OpenJDK 64-Bit Server VM (11.0.8+10-b944.6842174, mixed mode, tiered, compressed oops, g1 gc, windows-amd64)
Heap:
 garbage-first heap   total 172032K, used 110208K [0x0000000080000000, 0x0000000100000000)
  region size 1024K, 2 young (2048K), 2 survivors (2048K)
 Metaspace       used 108238K, capacity 111093K, committed 111228K, reserved 1159168K
  class space    used 13514K, capacity 14481K, committed 14592K, reserved 1048576K
GC Heap History (20 events):
Event: 185.123 GC heap before
{Heap before GC invocations=81 (full 0):
 garbage-first heap   total 172032K, used 114213K [0x0000000080000000, 0x0000000100000000)
  region size 1024K, 8 young (8192K), 2 survivors (2048K)
 Metaspace       used 102353K, capacity 105108K, committed 105340K, reserved 1140736K
  class space    used 12834K, capacity 13791K, committed 13824K, reserved 1048576K
}
Event: 185.143 GC heap after
{Heap after GC invocations=82 (full 0):
 garbage-first heap   total 172032K, used 104856K [0x0000000080000000, 0x0000000100000000)
  region size 1024K, 1 young (1024K), 1 survivors (1024K)
 Metaspace       used 102353K, capacity 105108K, committed 105340K, reserved 1140736K
  class space    used 12834K, capacity 13791K, committed 13824K, reserved 1048576K
}
Event: 185.609 GC heap before
{Heap before GC invocations=82 (full 0):
 garbage-first heap   total 172032K, used 142744K [0x0000000080000000, 0x0000000100000000)
  region size 1024K, 39 young (39936K), 1 survivors (1024K)
 Metaspace       used 102403K, capacity 105184K, committed 105340K, reserved 1140736K
  class space    used 12835K, capacity 13792K, committed 13824K, reserved 1048576K
}
Event: 185.615 GC heap after
{Heap after GC invocations=83 (full 0):
 garbage-first heap   total 172032K, used 105289K [0x0000000080000000, 0x0000000100000000)
  region size 1024K, 1 young (1024K), 1 survivors (1024K)
 Metaspace       used 102403K, capacity 105184K, committed 105340K, reserved 1140736K
  class space    used 12835K, capacity 13792K, committed 13824K, reserved 1048576K
}
Event: 211.921 GC heap before
{Heap before GC invocations=84 (full 0):
 garbage-first heap   total 172032K, used 144201K [0x0000000080000000, 0x0000000100000000)
  region size 1024K, 40 young (40960K), 1 survivors (1024K)
 Metaspace       used 102698K, capacity 105451K, committed 105596K, reserved 1140736K
  class space    used 12842K, capacity 13804K, committed 13824K, reserved 1048576K
}
Event: 211.936 GC heap after
{Heap after GC invocations=85 (full 0):
 garbage-first heap   total 172032K, used 109023K [0x0000000080000000, 0x0000000100000000)
  region size 1024K, 5 young (5120K), 5 survivors (5120K)
 Metaspace       used 102698K, capacity 105451K, committed 105596K, reserved 1140736K
  class space    used 12842K, capacity 13804K, committed 13824K, reserved 1048576K
}
Event: 211.987 GC heap before
{Heap before GC invocations=85 (full 0):
 garbage-first heap   total 172032K, used 112095K [0x0000000080000000, 0x0000000100000000)
  region size 1024K, 8 young (8192K), 5 survivors (5120K)
 Metaspace       used 102698K, capacity 105451K, committed 105596K, reserved 1140736K
  class space    used 12842K, capacity 13804K, committed 13824K, reserved 1048576K
}
Event: 212.011 GC heap after
{Heap after GC invocations=86 (full 0):
 garbage-first heap   total 172032K, used 109209K [0x0000000080000000, 0x0000000100000000)
  region size 1024K, 1 young (1024K), 1 survivors (1024K)
 Metaspace       used 102698K, capacity 105451K, committed 105596K, reserved 1140736K
  class space    used 12842K, capacity 13804K, committed 13824K, reserved 1048576K
}
Event: 212.744 GC heap before
{Heap before GC invocations=86 (full 0):
 garbage-first heap   total 172032K, used 145049K [0x0000000080000000, 0x0000000100000000)
  region size 1024K, 37 young (37888K), 1 survivors (1024K)
 Metaspace       used 102743K, capacity 105469K, committed 105596K, reserved 1140736K
  class space    used 12845K, capacity 13810K, committed 13824K, reserved 1048576K
}
Event: 212.755 GC heap after
{Heap after GC invocations=87 (full 0):
 garbage-first heap   total 172032K, used 109506K [0x0000000080000000, 0x0000000100000000)
  region size 1024K, 1 young (1024K), 1 survivors (1024K)
 Metaspace       used 102743K, capacity 105469K, committed 105596K, reserved 1140736K
  class space    used 12845K, capacity 13810K, committed 13824K, reserved 1048576K
}
Event: 213.946 GC heap before
{Heap before GC invocations=88 (full 0):
 garbage-first heap   total 172032K, used 146370K [0x0000000080000000, 0x0000000100000000)
  region size 1024K, 38 young (38912K), 1 survivors (1024K)
 Metaspace       used 103648K, capacity 106395K, committed 106492K, reserved 1142784K
  class space    used 12987K, capacity 13943K, committed 13952K, reserved 1048576K
}
Event: 213.953 GC heap after
{Heap after GC invocations=89 (full 0):
 garbage-first heap   total 172032K, used 110115K [0x0000000080000000, 0x0000000100000000)
  region size 1024K, 2 young (2048K), 2 survivors (2048K)
 Metaspace       used 103648K, capacity 106395K, committed 106492K, reserved 1142784K
  class space    used 12987K, capacity 13943K, committed 13952K, reserved 1048576K
}
Event: 214.058 GC heap before
{Heap before GC invocations=89 (full 0):
 garbage-first heap   total 172032K, used 116259K [0x0000000080000000, 0x0000000100000000)
  region size 1024K, 8 young (8192K), 2 survivors (2048K)
 Metaspace       used 103800K, capacity 106523K, committed 106748K, reserved 1142784K
  class space    used 13007K, capacity 13943K, committed 13952K, reserved 1048576K
}
Event: 214.090 GC heap after
{Heap after GC invocations=90 (full 0):
 garbage-first heap   total 172032K, used 104608K [0x0000000080000000, 0x0000000100000000)
  region size 1024K, 1 young (1024K), 1 survivors (1024K)
 Metaspace       used 103800K, capacity 106523K, committed 106748K, reserved 1142784K
  class space    used 13007K, capacity 13943K, committed 13952K, reserved 1048576K
}
Event: 214.649 GC heap before
{Heap before GC invocations=90 (full 0):
 garbage-first heap   total 172032K, used 143520K [0x0000000080000000, 0x0000000100000000)
  region size 1024K, 40 young (40960K), 1 survivors (1024K)
 Metaspace       used 105013K, capacity 107743K, committed 108028K, reserved 1142784K
  class space    used 13172K, capacity 14136K, committed 14208K, reserved 1048576K
}
Event: 214.658 GC heap after
{Heap after GC invocations=91 (full 0):
 garbage-first heap   total 172032K, used 105110K [0x0000000080000000, 0x0000000100000000)
  region size 1024K, 1 young (1024K), 1 survivors (1024K)
 Metaspace       used 105013K, capacity 107743K, committed 108028K, reserved 1142784K
  class space    used 13172K, capacity 14136K, committed 14208K, reserved 1048576K
}
Event: 227.511 GC heap before
{Heap before GC invocations=92 (full 0):
 garbage-first heap   total 172032K, used 145046K [0x0000000080000000, 0x0000000100000000)
  region size 1024K, 41 young (41984K), 1 survivors (1024K)
 Metaspace       used 106978K, capacity 109850K, committed 110076K, reserved 1144832K
  class space    used 13383K, capacity 14350K, committed 14464K, reserved 1048576K
}
Event: 227.765 GC heap after
{Heap after GC invocations=93 (full 0):
 garbage-first heap   total 172032K, used 109973K [0x0000000080000000, 0x0000000100000000)
  region size 1024K, 6 young (6144K), 6 survivors (6144K)
 Metaspace       used 106978K, capacity 109850K, committed 110076K, reserved 1144832K
  class space    used 13383K, capacity 14350K, committed 14464K, reserved 1048576K
}
Event: 234.772 GC heap before
{Heap before GC invocations=93 (full 0):
 garbage-first heap   total 172032K, used 144789K [0x0000000080000000, 0x0000000100000000)
  region size 1024K, 41 young (41984K), 6 survivors (6144K)
 Metaspace       used 107552K, capacity 110424K, committed 110588K, reserved 1144832K
  class space    used 13427K, capacity 14392K, committed 14464K, reserved 1048576K
}
Event: 235.136 GC heap after
{Heap after GC invocations=94 (full 0):
 garbage-first heap   total 172032K, used 109986K [0x0000000080000000, 0x0000000100000000)
  region size 1024K, 1 young (1024K), 1 survivors (1024K)
 Metaspace       used 107552K, capacity 110424K, committed 110588K, reserved 1144832K
  class space    used 13427K, capacity 14392K, committed 14464K, reserved 1048576K
}

